

HI-TECH Software PICC-18 Macro Assembler V9.51PL3
                                                       Fri Feb 17 15:37:50 2017


     1                           	processor	18F1320
     2                           	opt	pw 80
     3                           	psect	text,global,reloc=2,class=CODE,delta=1
     4                           	psect	temp,global,ovrld,common,class=COMRAM,spa
      +                          ce=1,delta=1
     5                           	psect	intsave_regs,global,class=BIGRAM,space=1,
      +                          delta=1
     6  000000                     
     7  000000                     
     8  000000                     
     9  000000                     
    10  000000                     
    11  000000                     
    12  000000                     
    13  000000                     
    14  000000                     
    15  000000                     
    16  000000                     
    17  000000                     
    18  000000                     
    19  000000                     
    20  000000                     
    21  000000                     
    22  000000                     
    23  000000                     
    24  000000                     
    25  000000                     
    26  000000                     
    27  000000                     
    28  000000                     
    29  000000                     
    30  000000                     
    31  000000                     
    32  000000                     
    33  000000                     
    34  000000                     
    35  000000                     
    36  000000                     
    37  000000                     
    38  000000                     
    39  000000                     
    40  000000                     
    41  000000                     
    42  000000                     
    43  000000                     
    44  000000                     
    45  000000                     
    46  000000                     
    47  000000                     
    48  000000                     
    49  000000                     
    50  000000                     
    51  000000                     
    52  000000                     
    53  000000                     
    54  000000                     
    55  000000                     
    56  000000                     
    57  000000                     
    58  000000                     
    59  000000                     
    60  000000                     
    61  000000                     
    62  000000                     
    63  000000                     
    64  000000                     
    65  000000                     
    66  000000                     
    67  000000                     
    68  000000                     
    69  000000                     
    70  000000                     
    71  000000                     
    72  000000                     
    73  000000                     
    74  000000                     
    75  000000                     
    76  000000                     
    77  000000                     
    78  000000                     
    79  000000                     
    80  000000                     
    81  000000                     
    82  000000                     
    83  000000                     
    84  000000                     
    85  000000                     
    86  000000                     
    87  000000                     
    88  000000                     
    89  000000                     
    90  000000                     
    91  000000                     
    92  000000                     
    93  000000                     
    94  000000                     
    95                           
    96                           	psect	text
    97                           ;pic18f1220.h: 19: static volatile near unsigned
      +                           char TOSU @ 0xFFF;
    98                           ;pic18f1220.h: 20: static volatile near unsigned
      +                           char TOSH @ 0xFFE;
    99                           ;pic18f1220.h: 21: static volatile near unsigned
      +                           char TOSL @ 0xFFD;
   100                           ;pic18f1220.h: 22: static volatile near unsigned
      +                           char STKPTR @ 0xFFC;
   101                           ;pic18f1220.h: 23: static volatile near unsigned
      +                           char PCLATU @ 0xFFB;
   102                           ;pic18f1220.h: 24: static volatile near unsigned
      +                           char PCLATH @ 0xFFA;
   103                           ;pic18f1220.h: 25: static volatile near unsigned
      +                           char PCL @ 0xFF9;
   104                           ;pic18f1220.h: 26: static volatile far unsigned 
      +                          char * TBLPTR @ 0xFF6;
   105                           ;pic18f1220.h: 27: static volatile near unsigned
      +                           char TBLPTRU @ 0xFF8;
   106                           ;pic18f1220.h: 28: static volatile near unsigned
      +                           char TBLPTRH @ 0xFF7;
   107                           ;pic18f1220.h: 29: static volatile near unsigned
      +                           char TBLPTRL @ 0xFF6;
   108                           ;pic18f1220.h: 30: static volatile near unsigned
      +                           char TABLAT @ 0xFF5;
   109                           ;pic18f1220.h: 31: static volatile near unsigned
      +                           char PRODH @ 0xFF4;
   110                           ;pic18f1220.h: 32: static volatile near unsigned
      +                           char PRODL @ 0xFF3;
   111                           ;pic18f1220.h: 33: static volatile near unsigned
      +                           char INTCON @ 0xFF2;
   112                           ;pic18f1220.h: 34: static near unsigned char INT
      +                          CON2 @ 0xFF1;
   113                           ;pic18f1220.h: 35: static volatile near unsigned
      +                           char INTCON3 @ 0xFF0;
   114                           ;pic18f1220.h: 36: static volatile near unsigned
      +                           char INDF0 @ 0xFEF;
   115                           ;pic18f1220.h: 37: static volatile near unsigned
      +                           char POSTINC0 @ 0xFEE;
   116                           ;pic18f1220.h: 38: static volatile near unsigned
      +                           char POSTDEC0 @ 0xFED;
   117                           ;pic18f1220.h: 39: static volatile near unsigned
      +                           char PREINC0 @ 0xFEC;
   118                           ;pic18f1220.h: 40: static volatile near unsigned
      +                           char PLUSW0 @ 0xFEB;
   119                           ;pic18f1220.h: 41: static volatile near unsigned
      +                           char FSR0H @ 0xFEA;
   120                           ;pic18f1220.h: 42: static volatile near unsigned
      +                           char FSR0L @ 0xFE9;
   121                           ;pic18f1220.h: 43: static volatile near unsigned
      +                           char WREG @ 0xFE8;
   122                           ;pic18f1220.h: 44: static volatile near unsigned
      +                           char INDF1 @ 0xFE7;
   123                           ;pic18f1220.h: 45: static volatile near unsigned
      +                           char POSTINC1 @ 0xFE6;
   124                           ;pic18f1220.h: 46: static volatile near unsigned
      +                           char POSTDEC1 @ 0xFE5;
   125                           ;pic18f1220.h: 47: static volatile near unsigned
      +                           char PREINC1 @ 0xFE4;
   126                           ;pic18f1220.h: 48: static volatile near unsigned
      +                           char PLUSW1 @ 0xFE3;
   127                           ;pic18f1220.h: 49: static volatile near unsigned
      +                           char FSR1H @ 0xFE2;
   128                           ;pic18f1220.h: 50: static volatile near unsigned
      +                           char FSR1L @ 0xFE1;
   129                           ;pic18f1220.h: 51: static near unsigned char BSR
      +                           @ 0xFE0;
   130                           ;pic18f1220.h: 52: static volatile near unsigned
      +                           char INDF2 @ 0xFDF;
   131                           ;pic18f1220.h: 53: static volatile near unsigned
      +                           char POSTINC2 @ 0xFDE;
   132                           ;pic18f1220.h: 54: static volatile near unsigned
      +                           char POSTDEC2 @ 0xFDD;
   133                           ;pic18f1220.h: 55: static volatile near unsigned
      +                           char PREINC2 @ 0xFDC;
   134                           ;pic18f1220.h: 56: static volatile near unsigned
      +                           char PLUSW2 @ 0xFDB;
   135                           ;pic18f1220.h: 57: static volatile near unsigned
      +                           char FSR2H @ 0xFDA;
   136                           ;pic18f1220.h: 58: static volatile near unsigned
      +                           char FSR2L @ 0xFD9;
   137                           ;pic18f1220.h: 59: static volatile near unsigned
      +                           char STATUS @ 0xFD8;
   138                           ;pic18f1220.h: 60: static volatile near unsigned
      +                           int TMR0 @ 0xFD6;
   139                           ;pic18f1220.h: 61: static volatile near unsigned
      +                           char TMR0H @ 0xFD7;
   140                           ;pic18f1220.h: 62: static volatile near unsigned
      +                           char TMR0L @ 0xFD6;
   141                           ;pic18f1220.h: 63: static near unsigned char T0C
      +                          ON @ 0xFD5;
   142                           ;pic18f1220.h: 64: static volatile near unsigned
      +                           char OSCCON @ 0xFD3;
   143                           ;pic18f1220.h: 65: static volatile near unsigned
      +                           char LVDCON @ 0xFD2;
   144                           ;pic18f1220.h: 66: static volatile near unsigned
      +                           char WDTCON @ 0xFD1;
   145                           ;pic18f1220.h: 67: static volatile near unsigned
      +                           char RCON @ 0xFD0;
   146                           ;pic18f1220.h: 68: static volatile near unsigned
      +                           int TMR1 @ 0xFCE;
   147                           ;pic18f1220.h: 69: static volatile near unsigned
      +                           char TMR1H @ 0xFCF;
   148                           ;pic18f1220.h: 70: static volatile near unsigned
      +                           char TMR1L @ 0xFCE;
   149                           ;pic18f1220.h: 71: static near unsigned char T1C
      +                          ON @ 0xFCD;
   150                           ;pic18f1220.h: 72: static volatile near unsigned
      +                           char TMR2 @ 0xFCC;
   151                           ;pic18f1220.h: 73: static near unsigned char PR2
      +                           @ 0xFCB;
   152                           ;pic18f1220.h: 74: static near unsigned char T2C
      +                          ON @ 0xFCA;
   153                           ;pic18f1220.h: 75: static volatile near unsigned
      +                           int ADRES @ 0xFC3;
   154                           ;pic18f1220.h: 76: static volatile near unsigned
      +                           char ADRESH @ 0xFC4;
   155                           ;pic18f1220.h: 77: static volatile near unsigned
      +                           char ADRESL @ 0xFC3;
   156                           ;pic18f1220.h: 78: static volatile near unsigned
      +                           char ADCON0 @ 0xFC2;
   157                           ;pic18f1220.h: 79: static near unsigned char ADC
      +                          ON1 @ 0xFC1;
   158                           ;pic18f1220.h: 80: static near unsigned char ADC
      +                          ON2 @ 0xFC0;
   159                           ;pic18f1220.h: 81: static volatile near unsigned
      +                           int CCPR1 @ 0xFBE;
   160                           ;pic18f1220.h: 82: static volatile near unsigned
      +                           char CCPR1H @ 0xFBF;
   161                           ;pic18f1220.h: 83: static volatile near unsigned
      +                           char CCPR1L @ 0xFBE;
   162                           ;pic18f1220.h: 84: static volatile near unsigned
      +                           char CCP1CON @ 0xFBD;
   163                           ;pic18f1220.h: 85: static volatile near unsigned
      +                           char PWM1CON @ 0xFB7;
   164                           ;pic18f1220.h: 86: static volatile near unsigned
      +                           char ECCPAS @ 0xFB6;
   165                           ;pic18f1220.h: 87: static volatile near unsigned
      +                           int TMR3 @ 0xFB2;
   166                           ;pic18f1220.h: 88: static volatile near unsigned
      +                           char TMR3H @ 0xFB3;
   167                           ;pic18f1220.h: 89: static volatile near unsigned
      +                           char TMR3L @ 0xFB2;
   168                           ;pic18f1220.h: 90: static near unsigned char T3C
      +                          ON @ 0xFB1;
   169                           ;pic18f1220.h: 91: static near unsigned char SPB
      +                          RGH @ 0xFB0;
   170                           ;pic18f1220.h: 92: static near unsigned char SPB
      +                          RG @ 0xFAF;
   171                           ;pic18f1220.h: 93: static volatile near unsigned
      +                           char RCREG @ 0xFAE;
   172                           ;pic18f1220.h: 94: static volatile near unsigned
      +                           char TXREG @ 0xFAD;
   173                           ;pic18f1220.h: 95: static volatile near unsigned
      +                           char TXSTA @ 0xFAC;
   174                           ;pic18f1220.h: 96: static volatile near unsigned
      +                           char RCSTA @ 0xFAB;
   175                           ;pic18f1220.h: 97: static volatile near unsigned
      +                           char BAUDCTL @ 0xFAA;
   176                           ;pic18f1220.h: 98: static near unsigned char EEA
      +                          DR @ 0xFA9;
   177                           ;pic18f1220.h: 99: static volatile near unsigned
      +                           char EEDATA @ 0xFA8;
   178                           ;pic18f1220.h: 100: static volatile near unsigne
      +                          d char EECON2 @ 0xFA7;
   179                           ;pic18f1220.h: 101: static volatile near unsigne
      +                          d char EECON1 @ 0xFA6;
   180                           ;pic18f1220.h: 102: static near unsigned char IP
      +                          R2 @ 0xFA2;
   181                           ;pic18f1220.h: 103: static volatile near unsigne
      +                          d char PIR2 @ 0xFA1;
   182                           ;pic18f1220.h: 104: static near unsigned char PI
      +                          E2 @ 0xFA0;
   183                           ;pic18f1220.h: 105: static near unsigned char IP
      +                          R1 @ 0xF9F;
   184                           ;pic18f1220.h: 106: static volatile near unsigne
      +                          d char PIR1 @ 0xF9E;
   185                           ;pic18f1220.h: 107: static near unsigned char PI
      +                          E1 @ 0xF9D;
   186                           ;pic18f1220.h: 108: static near unsigned char OS
      +                          CTUNE @ 0xF9B;
   187                           ;pic18f1220.h: 109: static volatile near unsigne
      +                          d char TRISB @ 0xF93;
   188                           ;pic18f1220.h: 110: static volatile near unsigne
      +                          d char TRISA @ 0xF92;
   189                           ;pic18f1220.h: 111: static volatile near unsigne
      +                          d char LATB @ 0xF8A;
   190                           ;pic18f1220.h: 112: static volatile near unsigne
      +                          d char LATA @ 0xF89;
   191                           ;pic18f1220.h: 113: static volatile near unsigne
      +                          d char PORTB @ 0xF81;
   192                           ;pic18f1220.h: 114: static volatile near unsigne
      +                          d char PORTA @ 0xF80;
   193                           ;pic18f1220.h: 118: static volatile near bit STK
      +                          UNF @ ((unsigned)&STKPTR*8)+6;
   194                           ;pic18f1220.h: 119: static volatile near bit STK
      +                          FUL @ ((unsigned)&STKPTR*8)+7;
   195                           ;pic18f1220.h: 122: static volatile near bit RBI
      +                          F @ ((unsigned)&INTCON*8)+0;
   196                           ;pic18f1220.h: 123: static volatile near bit INT
      +                          0IF @ ((unsigned)&INTCON*8)+1;
   197  000A3E                     _Adc_Init:
   198  000000                     
   199                           ;adc.c: 16: ADCON0=0b00000000;
   200  000A3E  6AC2               	clrf	4034,c	;volatile
   201                           ;adc.c: 17: ADCON1=0b01111110;
   202  000A40  0E7E               	movlw	126
   203  000A42  6EC1               	movwf	4033,c
   204                           ;adc.c: 18: ADCON2=0b10100001;
   205  000A44  0EA1               	movlw	161
   206  000A46  6EC0               	movwf	4032,c
   207                           ;adc.c: 19: ADON=1;
   208  000A48  80C2               	bsf	4034,0,c
   209                           ;adc.c: 20: GODONE=1;
   210  000A4A  82C2               	bsf	4034,1,c	;volatile
   211                           ;adc.c: 21: }
   212  000A4C  0CA1               	retlw	161
   213  000A4E                     __end_of_Adc_Init:
   214                           ;adc.c: 23: unsigned int Adc_Read()
   215                           ;adc.c: 24: {
   216  000A4E                     _Adc_Read:
   217  000000                     
   218                           ;adc.c: 25: GODONE=1;
   219  000A4E  82C2               	bsf	4034,1,c	;volatile
   220                           ;adc.c: 26: while(GODONE)
   221  000A50  A2C2               	btfss	4034,1,c	;volatile
   222  000A52  0012               	return	
   223                           ;adc.c: 27: {
   224  000A54  CFC3 F000          	movff	4035,btemp	;volatile
   225  000A58  CFC4 F001          	movff	4036,btemp+1	;volatile
   226  000A5C  0012               	return	
   227                           ;adc.c: 29: }
   228  000A5E                     __end_of_Adc_Read:
   229  000000                     
   230  000000                     
   231  000000                     
   232  000000                     
   233  000000                     
   234  000000                     
   235  000000                     
   236  000000                     
   237  000000                     
   238  000000                     
   239  000000                     
   240  000000                     
   241  000000                     
   242  000000                     
   243  000000                     
   244  000000                     
   245  000000                     
   246  000000                     
   247  000000                     
   248  000000                     
   249  000000                     
   250  000000                     
   251  000000                     
   252  000000                     
   253  000000                     
   254  000000                     
   255  000000                     
   256  000000                     
   257  000000                     
   258  000000                     
   259  000000                     
   260  000000                     
   261  000000                     
   262  000000                     
   263  000000                     
   264  000000                     
   265  000000                     
   266  000000                     
   267  000000                     
   268  000000                     
   269  000000                     
   270  000000                     
   271  000000                     
   272  000000                     
   273  000000                     
   274  000000                     
   275  000000                     
   276  000000                     
   277  000000                     
   278  000000                     
   279  000000                     
   280  000000                     
   281  000000                     
   282  000000                     
   283  000000                     
   284  000000                     
   285  000000                     
   286  000000                     
   287  000000                     
   288  000000                     
   289  000000                     
   290  000000                     
   291  000000                     
   292  000000                     
   293  000000                     
   294  000000                     
   295  000000                     
   296  000000                     
   297  000000                     
   298  000000                     
   299  000000                     
   300  000000                     
   301  000000                     
   302  000000                     
   303  000000                     
   304  000000                     
   305  000000                     
   306  000000                     
   307  000000                     
   308  000000                     
   309  000000                     
   310  000000                     
   311  000000                     
   312  000000                     
   313  000000                     
   314  000000                     
   315  000000                     
   316  000000                     
   317  000000                     
   318  000000                     
   319  000000                     
   320  000000                     
   321  000000                     
   322  000000                     
   323  000000                     
   324  000000                     
   325  000000                     
   326  000000                     
   327  000000                     
   328  000000                     
   329  000000                     
   330  000000                     
   331  000000                     
   332  000000                     
   333  000000                     
   334  000000                     
   335  000000                     
   336  000000                     
   337  000000                     
   338  000000                     
   339  000000                     
   340  000000                     
   341  000000                     
   342  000000                     
   343  000000                     
   344  000000                     
   345  000000                     
   346  000000                     
   347  000000                     
   348  000000                     
   349  000000                     
   350  000000                     
   351  000000                     
   352  000000                     
   353  000000                     
   354  000000                     
   355  000000                     
   356  000000                     
   357  000000                     
   358  000000                     
   359  000000                     
   360  000000                     
   361  000000                     
   362  000000                     
   363  000000                     
   364  000000                     
   365  000000                     
   366  000000                     
   367  000000                     
   368  000000                     
   369  000000                     
   370  000000                     
   371  000000                     
   372  000000                     
   373  000000                     
   374  000000                     
   375  000000                     
   376  000000                     
   377  000000                     
   378  000000                     
   379  000000                     
   380  000000                     
   381  000000                     
   382  000000                     
   383  000000                     
   384  000000                     
   385  000000                     
   386  000000                     
   387  000000                     
   388  000000                     
   389  000000                     
   390  000000                     
   391  000000                     
   392  000000                     
   393  000000                     
   394  000000                     
   395  000000                     
   396  000000                     
   397  000000                     
   398  000000                     
   399  000000                     
   400  000000                     
   401  000000                     
   402  000000                     
   403  000000                     
   404  000000                     
   405  000000                     
   406  000000                     
   407  000000                     
   408  000000                     
   409  000000                     
   410  000000                     
   411  000000                     
   412  000000                     
   413  000000                     
   414  000000                     
   415  000000                     
   416  000000                     
   417  000000                     
   418  000000                     
   419  000000                     
   420  000000                     
   421  000000                     
   422  000000                     
   423  000000                     
   424  000000                     
   425  000000                     
   426  000000                     
   427  000000                     
   428  000000                     
   429  000000                     
   430  000000                     
   431  000000                     
   432  000000                     
   433  000000                     
   434  000000                     
   435  000000                     
   436  000000                     
   437  000000                     
   438  000000                     
   439  000000                     
   440  000000                     
   441  000000                     
   442  000000                     
   443  000000                     
   444  000000                     
   445  000000                     
   446  000000                     
   447  000000                     
   448  000000                     
   449  000000                     
   450  000000                     
   451  000000                     
   452  000000                     
   453  000000                     
   454  000000                     
   455  000000                     
   456  000000                     
   457  000000                     
   458  000000                     
   459  000000                     
   460  000000                     
   461  000000                     
   462  000000                     
   463  000000                     
   464  000000                     
   465  000000                     
   466  000000                     
   467  000000                     
   468  000000                     
   469  000000                     
   470  000000                     
   471  000000                     
   472  000000                     
   473  000000                     
   474  000000                     
   475  000000                     
   476  000000                     
   477  000000                     
   478  000000                     
   479  000000                     
   480  000000                     
   481  000000                     
   482  000000                     
   483  000000                     
   484  000000                     
   485  000000                     
   486  000000                     
   487  000000                     
   488  000000                     
   489  000000                     
   490  000000                     
   491  000000                     
   492  000000                     
   493  000000                     
   494  000000                     
   495  000000                     
   496  000000                     
   497  000000                     
   498  000000                     
   499  000000                     
   500  000000                     
   501  000000                     
   502  000000                     
   503  000000                     
   504  000000                     
   505  000000                     
   506  000000                     
   507  000000                     
   508  000000                     
   509  000000                     
   510  000000                     
   511  000000                     
   512  000000                     
   513  000000                     
   514  000000                     
   515  000000                     
   516  000000                     
   517  000000                     
   518  000000                     
   519  000000                     
   520  000000                     
   521  000000                     
   522  000000                     
   523  000000                     
   524  000000                     
   525  000000                     
   526  000000                     
   527  000000                     
   528  000000                     
   529  000000                     
   530  000000                     
   531  000000                     
   532  000000                     
   533  000000                     
   534  000000                     
   535  000000                     
   536  000000                     
   537  000000                     
   538  000000                     
   539  000000                     
   540  000000                     
   541  000000                     
   542  000000                     
   543  000000                     
   544  000000                     
   545  000000                     
   546  000000                     
   547  000000                     
   548  000000                     
   549  000000                     
   550  000000                     
   551  000000                     
   552  000000                     
   553  000000                     
   554  000000                     
   555  000000                     
   556  000000                     
   557  000000                     
   558  000000                     
   559  000000                     
   560  000000                     
   561  000000                     
   562  000000                     
   563  000000                     
   564  000000                     
   565  000000                     
   566                           
   567                           	psect	temp
   568  000000                     btemp:
   569  000000                     	ds	2


HI-TECH Software PICC-18 Macro Assembler V9.51PL3
Symbol Table                                           Fri Feb 17 15:37:50 2017

            btemp 0000  __end_of_Adc_Init 0A4E  __end_of_Adc_Read 0A5E  
      used_btemp0 0001        used_btemp1 0001           __Lparam 00C5  
         __ramtop 0100          _Adc_Init 0A3E          _Adc_Read 0A4E  
